# JRE version: OpenJDK Runtime Environment Microsoft-8035246 (17.0.8+7) (build 17.0.8+7-LTS)
# Java VM: OpenJDK 64-Bit Server VM Microsoft-8035246 (17.0.8+7-LTS, mixed mode, sharing, tiered, compressed oops, compressed class ptrs, g1 gc, windows-amd64)
GC Precious Log:
 CPUs: 12 total, 12 available
 Memory: 16251M
 Large Page Support: Disabled
 NUMA Support: Disabled
 Compressed Oops: Enabled (32-bit)
 Heap Region Size: 1M
 Heap Min Capacity: 8M
 Heap Initial Capacity: 254M
 Heap Max Capacity: 2G
 Pre-touch: Disabled
 Parallel Workers: 10
 Concurrent Workers: 3
 Concurrent Refinement Workers: 10
 Periodic GC: Disabled
Heap:
 garbage-first heap   total 299008K, used 235720K [0x0000000080000000, 0x0000000100000000)
  region size 1024K, 4 young (4096K), 3 survivors (3072K)
 Metaspace       used 109892K, committed 111744K, reserved 557056K
  class space    used 15286K, committed 16064K, reserved 425984K
GC Heap History (20 events):
Event: 40.664 GC heap before
{Heap before GC invocations=81 (full 0):
 garbage-first heap   total 299008K, used 250118K [0x0000000080000000, 0x0000000100000000)
  region size 1024K, 51 young (52224K), 3 survivors (3072K)
 Metaspace       used 105286K, committed 106944K, reserved 557056K
  class space    used 14711K, committed 15424K, reserved 425984K
}
Event: 40.669 GC heap after
{Heap after GC invocations=82 (full 0):
 garbage-first heap   total 299008K, used 205497K [0x0000000080000000, 0x0000000100000000)
  region size 1024K, 7 young (7168K), 7 survivors (7168K)
 Metaspace       used 105286K, committed 106944K, reserved 557056K
  class space    used 14711K, committed 15424K, reserved 425984K
}
Event: 41.048 GC heap before
{Heap before GC invocations=82 (full 0):
 garbage-first heap   total 299008K, used 252601K [0x0000000080000000, 0x0000000100000000)
  region size 1024K, 53 young (54272K), 7 survivors (7168K)
 Metaspace       used 105839K, committed 107584K, reserved 557056K
  class space    used 14781K, committed 15552K, reserved 425984K
}
Event: 41.055 GC heap after
{Heap after GC invocations=83 (full 0):
 garbage-first heap   total 299008K, used 212267K [0x0000000080000000, 0x0000000100000000)
  region size 1024K, 7 young (7168K), 7 survivors (7168K)
 Metaspace       used 105839K, committed 107584K, reserved 557056K
  class space    used 14781K, committed 15552K, reserved 425984K
}
Event: 41.582 GC heap before
{Heap before GC invocations=83 (full 0):
 garbage-first heap   total 299008K, used 257323K [0x0000000080000000, 0x0000000100000000)
  region size 1024K, 47 young (48128K), 7 survivors (7168K)
 Metaspace       used 108390K, committed 110144K, reserved 557056K
  class space    used 15106K, committed 15872K, reserved 425984K
}
Event: 41.590 GC heap after
{Heap after GC invocations=84 (full 0):
 garbage-first heap   total 299008K, used 217436K [0x0000000080000000, 0x0000000100000000)
  region size 1024K, 6 young (6144K), 6 survivors (6144K)
 Metaspace       used 108390K, committed 110144K, reserved 557056K
  class space    used 15106K, committed 15872K, reserved 425984K
}
Event: 42.119 GC heap before
{Heap before GC invocations=84 (full 0):
 garbage-first heap   total 299008K, used 252252K [0x0000000080000000, 0x0000000100000000)
  region size 1024K, 41 young (41984K), 6 survivors (6144K)
 Metaspace       used 108733K, committed 110464K, reserved 557056K
  class space    used 15116K, committed 15872K, reserved 425984K
}
Event: 42.125 GC heap after
{Heap after GC invocations=85 (full 0):
 garbage-first heap   total 299008K, used 219372K [0x0000000080000000, 0x0000000100000000)
  region size 1024K, 2 young (2048K), 2 survivors (2048K)
 Metaspace       used 108733K, committed 110464K, reserved 557056K
  class space    used 15116K, committed 15872K, reserved 425984K
}
Event: 42.483 GC heap before
{Heap before GC invocations=85 (full 0):
 garbage-first heap   total 299008K, used 256236K [0x0000000080000000, 0x0000000100000000)
  region size 1024K, 38 young (38912K), 2 survivors (2048K)
 Metaspace       used 109420K, committed 111168K, reserved 557056K
  class space    used 15236K, committed 16000K, reserved 425984K
}
Event: 42.486 GC heap after
{Heap after GC invocations=86 (full 0):
 garbage-first heap   total 299008K, used 220673K [0x0000000080000000, 0x0000000100000000)
  region size 1024K, 4 young (4096K), 4 survivors (4096K)
 Metaspace       used 109420K, committed 111168K, reserved 557056K
  class space    used 15236K, committed 16000K, reserved 425984K
}
Event: 42.703 GC heap before
{Heap before GC invocations=86 (full 0):
 garbage-first heap   total 299008K, used 255489K [0x0000000080000000, 0x0000000100000000)
  region size 1024K, 39 young (39936K), 4 survivors (4096K)
 Metaspace       used 109602K, committed 111424K, reserved 557056K
  class space    used 15259K, committed 16064K, reserved 425984K
}
Event: 42.708 GC heap after
{Heap after GC invocations=87 (full 0):
 garbage-first heap   total 299008K, used 224864K [0x0000000080000000, 0x0000000100000000)
  region size 1024K, 5 young (5120K), 5 survivors (5120K)
 Metaspace       used 109602K, committed 111424K, reserved 557056K
  class space    used 15259K, committed 16064K, reserved 425984K
}
Event: 42.846 GC heap before
{Heap before GC invocations=87 (full 0):
 garbage-first heap   total 299008K, used 256608K [0x0000000080000000, 0x0000000100000000)
  region size 1024K, 37 young (37888K), 5 survivors (5120K)
 Metaspace       used 109661K, committed 111488K, reserved 557056K
  class space    used 15259K, committed 16064K, reserved 425984K
}
Event: 42.850 GC heap after
{Heap after GC invocations=88 (full 0):
 garbage-first heap   total 299008K, used 227376K [0x0000000080000000, 0x0000000100000000)
  region size 1024K, 3 young (3072K), 3 survivors (3072K)
 Metaspace       used 109661K, committed 111488K, reserved 557056K
  class space    used 15259K, committed 16064K, reserved 425984K
}
Event: 43.249 GC heap before
{Heap before GC invocations=88 (full 0):
 garbage-first heap   total 299008K, used 257072K [0x0000000080000000, 0x0000000100000000)
  region size 1024K, 33 young (33792K), 3 survivors (3072K)
 Metaspace       used 109662K, committed 111488K, reserved 557056K
  class space    used 15259K, committed 16064K, reserved 425984K
}
Event: 43.251 GC heap after
{Heap after GC invocations=89 (full 0):
 garbage-first heap   total 299008K, used 228403K [0x0000000080000000, 0x0000000100000000)
  region size 1024K, 4 young (4096K), 4 survivors (4096K)
 Metaspace       used 109662K, committed 111488K, reserved 557056K
  class space    used 15259K, committed 16064K, reserved 425984K
}
Event: 43.584 GC heap before
{Heap before GC invocations=89 (full 0):
 garbage-first heap   total 299008K, used 262195K [0x0000000080000000, 0x0000000100000000)
  region size 1024K, 34 young (34816K), 4 survivors (4096K)
 Metaspace       used 109689K, committed 111488K, reserved 557056K
  class space    used 15260K, committed 16064K, reserved 425984K
}
Event: 43.588 GC heap after
{Heap after GC invocations=90 (full 0):
 garbage-first heap   total 299008K, used 231021K [0x0000000080000000, 0x0000000100000000)
  region size 1024K, 4 young (4096K), 4 survivors (4096K)
 Metaspace       used 109689K, committed 111488K, reserved 557056K
  class space    used 15260K, committed 16064K, reserved 425984K
}
Event: 43.846 GC heap before
{Heap before GC invocations=90 (full 0):
 garbage-first heap   total 299008K, used 262765K [0x0000000080000000, 0x0000000100000000)
  region size 1024K, 32 young (32768K), 4 survivors (4096K)
 Metaspace       used 109815K, committed 111680K, reserved 557056K
  class space    used 15275K, committed 16064K, reserved 425984K
}
Event: 43.849 GC heap after
{Heap after GC invocations=91 (full 0):
 garbage-first heap   total 299008K, used 233253K [0x0000000080000000, 0x0000000100000000)
  region size 1024K, 3 young (3072K), 3 survivors (3072K)
 Metaspace       used 109815K, committed 111680K, reserved 557056K
  class space    used 15275K, committed 16064K, reserved 425984K
}

